<?xml version="1.0" encoding="UTF-8"?>
<!-- Generated by org.testng.reporters.JUnitReportReporter -->
<testsuite hostname="Robins-PC" name="screeshotpackage.Screenshot_Failed_Testcases" tests="1" failures="0" timestamp="7 Aug 2018 08:24:39 GMT" time="130.524" errors="0">
  <testcase name="login" time="130.524" classname="screeshotpackage.Screenshot_Failed_Testcases"/>
</testsuite> <!-- screeshotpackage.Screenshot_Failed_Testcases -->
